
> carpihogarfrontend@1.0.0 build
> next build

- info Linting and checking validity of types...
- info Creating an optimized production build...
- info Compiled successfully
- info Collecting page data...
- info Generating static pages (0/4)
- info Generating static pages (1/4)
- info Generating static pages (2/4)
- info Generating static pages (3/4)
- info Generating static pages (4/4)
- info Finalizing page optimization...

Route (pages)                              Size     First Load JS
┌ ○ /                                      348 B          74.4 kB
├   /_app                                  0 B            74.1 kB
├ ○ /404                                   181 B          74.2 kB
└ ○ /auth/login (434 ms)                   41.8 kB         116 kB
+ First Load JS shared by all              76.3 kB
  ├ chunks/framework-7a7e500878b44665.js   45.2 kB
  ├ chunks/main-0a9b5d9f75e3dd77.js        27.8 kB
  ├ chunks/pages/_app-2dfd096757008a0f.js  296 B
  ├ chunks/webpack-ee7e63bc15b31913.js     818 B
  └ css/3e949748a7a7ed00.css               2.23 kB

○  (Static)  automatically rendered as static HTML (uses no initial props)

