
> carpihogarfrontend@1.0.0 build
> next build

- info Linting and checking validity of types...
- info Creating an optimized production build...
Error: Could not resolve value for theme function: `theme(colors.accent)`. Consider checking if the path is correct or provide a fallback value to silence this error.
    at Object.Cn [as theme] (D:\carpihogarfinal\frontend\node_modules\tailwindcss\dist\lib.js:13:4828)
    at D:\carpihogarfinal\frontend\node_modules\tailwindcss\dist\lib.js:13:5528
    at ee (D:\carpihogarfinal\frontend\node_modules\tailwindcss\dist\lib.js:1:7943)
    at Tr (D:\carpihogarfinal\frontend\node_modules\tailwindcss\dist\lib.js:13:5401)
    at D:\carpihogarfinal\frontend\node_modules\tailwindcss\dist\lib.js:13:5173
    at z (D:\carpihogarfinal\frontend\node_modules\tailwindcss\dist\lib.js:3:1656)
    at z (D:\carpihogarfinal\frontend\node_modules\tailwindcss\dist\lib.js:3:1939)
    at z (D:\carpihogarfinal\frontend\node_modules\tailwindcss\dist\lib.js:3:1939)
    at z (D:\carpihogarfinal\frontend\node_modules\tailwindcss\dist\lib.js:3:1574)
    at Ve (D:\carpihogarfinal\frontend\node_modules\tailwindcss\dist\lib.js:13:5098)
- info Compiled successfully
- info Collecting page data...
- info Generating static pages (0/4)
- info Generating static pages (1/4)
- info Generating static pages (2/4)
- info Generating static pages (3/4)
- info Generating static pages (4/4)
- info Finalizing page optimization...

Route (pages)                              Size     First Load JS
┌ ○ /                                      348 B          74.4 kB
├   /_app                                  0 B            74.1 kB
├ ○ /404                                   181 B          74.2 kB
└ ○ /auth/login (377 ms)                   41.8 kB         116 kB
+ First Load JS shared by all              74.1 kB
  ├ chunks/framework-7a7e500878b44665.js   45.2 kB
  ├ chunks/main-0a9b5d9f75e3dd77.js        27.8 kB
  ├ chunks/pages/_app-2dfd096757008a0f.js  296 B
  ├ chunks/webpack-ee7e63bc15b31913.js     818 B
  └ css/ef46db3751d8e999.css               20 B

○  (Static)  automatically rendered as static HTML (uses no initial props)

